2022-05-11 09:34:24: Init Script Automation Log
2022-05-11 09:34:24: Parameters: [app] [local] [reset] [podman_reset]
2022-05-11 09:34:24: ********************************************************
2022-05-11 10:05:53: Dockerfile
Makefile
2022-05-11 10:05:53: ********************************************************
2022-05-11 10:05:55: Dockerfile
Makefile
2022-05-11 10:05:55: ********************************************************
2022-05-11 10:26:12: Dockerfile
Makefile
2022-05-11 10:26:12: ********************************************************
2022-05-11 10:26:13: Dockerfile
Makefile
2022-05-11 10:26:13: ********************************************************
2022-05-11 10:26:14: Dockerfile
Makefile
2022-05-11 10:26:14: ********************************************************
2022-05-11 10:26:15: Dockerfile
Makefile
2022-05-11 10:26:15: ********************************************************
